C:\2013_GAME_PROJECT\TRUNK\OLDBOY\OLDBOY\DEBUG\OLDBOY.PCH
C:\2013_GAME_PROJECT\TRUNK\OLDBOY\OLDBOY\DEBUG\STDAFX.OBJ
C:\2013_GAME_PROJECT\TRUNK\OLDBOY\OLDBOY\DEBUG\VC110.PDB
C:\2013_GAME_PROJECT\TRUNK\OLDBOY\OLDBOY\DEBUG\OLDBOY.OBJ
C:\2013_GAME_PROJECT\TRUNK\OLDBOY\DEBUG\OLDBOY.ILK
C:\2013_GAME_PROJECT\TRUNK\OLDBOY\DEBUG\OLDBOY.EXE
C:\2013_GAME_PROJECT\TRUNK\OLDBOY\DEBUG\OLDBOY.PDB
C:\2013_GAME_PROJECT\TRUNK\OLDBOY\OLDBOY\DEBUG\OLDBOY.RES
C:\2013_game_project\trunk\oldboy\oldboy\Debug\oldboy.obj
C:\2013_game_project\trunk\oldboy\oldboy\Debug\stdafx.obj
C:\2013_game_project\trunk\oldboy\oldboy\Debug\cl.command.1.tlog
C:\2013_game_project\trunk\oldboy\oldboy\Debug\CL.read.1.tlog
C:\2013_game_project\trunk\oldboy\oldboy\Debug\CL.write.1.tlog
C:\2013_game_project\trunk\oldboy\oldboy\Debug\link-cvtres.read.1.tlog
C:\2013_game_project\trunk\oldboy\oldboy\Debug\link-cvtres.write.1.tlog
C:\2013_game_project\trunk\oldboy\oldboy\Debug\link-rc.read.1.tlog
C:\2013_game_project\trunk\oldboy\oldboy\Debug\link-rc.write.1.tlog
C:\2013_game_project\trunk\oldboy\oldboy\Debug\link.command.1.tlog
C:\2013_game_project\trunk\oldboy\oldboy\Debug\link.read.1.tlog
C:\2013_game_project\trunk\oldboy\oldboy\Debug\link.write.1.tlog
C:\2013_game_project\trunk\oldboy\oldboy\Debug\rc.command.1.tlog
C:\2013_game_project\trunk\oldboy\oldboy\Debug\rc.read.1.tlog
C:\2013_game_project\trunk\oldboy\oldboy\Debug\rc.write.1.tlog
C:\2013_game_project\trunk\oldboy\oldboy\Debug\oldboy.res
C:\2013_game_project\trunk\oldboy\oldboy\Debug\oldboy.pch
C:\2013_game_project\trunk\oldboy\oldboy\Debug\vc110.idb
C:\2013_game_project\trunk\oldboy\oldboy\Debug\vc110.pdb
C:\2013_game_project\trunk\oldboy\Debug\oldboy.pdb
C:\2013_game_project\trunk\oldboy\Debug\oldboy.exe
C:\2013_game_project\trunk\oldboy\Debug\oldboy.ilk
